<?xml version="1.0" encoding="utf-8"?><testsuites name="pytest tests"><testsuite name="pytest" errors="0" failures="0" skipped="0" tests="24" time="4.452" timestamp="2026-05-30T16:06:54.396895+00:00" hostname="agent-env-8290a74b-310b-4e15-b694-e674805914b8"><testcase classname="backend.tests.test_mysafe_api.TestAuth" name="test_login_existing_user" time="0.539" /><testcase classname="backend.tests.test_mysafe_api.TestAuth" name="test_login_invalid_password" time="0.274" /><testcase classname="backend.tests.test_mysafe_api.TestAuth" name="test_register_new_user" time="0.275" /><testcase classname="backend.tests.test_mysafe_api.TestAuth" name="test_register_duplicate_email" time="0.048" /><testcase classname="backend.tests.test_mysafe_api.TestAuth" name="test_get_me_with_valid_token" time="0.053" /><testcase classname="backend.tests.test_mysafe_api.TestAuth" name="test_get_me_without_token" time="0.052" /><testcase classname="backend.tests.test_mysafe_api.TestAuth" name="test_get_me_with_invalid_token" time="0.047" /><testcase classname="backend.tests.test_mysafe_api.TestAutoLogin" name="test_auto_login_me_and_profiles" time="0.102" /><testcase classname="backend.tests.test_mysafe_api.TestProfiles" name="test_list_profiles_empty" time="0.054" /><testcase classname="backend.tests.test_mysafe_api.TestProfiles" name="test_create_human_profile" time="0.062" /><testcase classname="backend.tests.test_mysafe_api.TestProfiles" name="test_create_second_human_profile_now_allowed" time="0.050" /><testcase classname="backend.tests.test_mysafe_api.TestProfiles" name="test_create_dog_profile_with_labrador_breed" time="0.056" /><testcase classname="backend.tests.test_mysafe_api.TestProfiles" name="test_create_cat_profile_with_persian_breed" time="0.048" /><testcase classname="backend.tests.test_mysafe_api.TestProfiles" name="test_create_bird_profile_with_cockatiel_breed" time="0.049" /><testcase classname="backend.tests.test_mysafe_api.TestProfiles" name="test_get_profiles_returns_pet_breed_field" time="0.052" /><testcase classname="backend.tests.test_mysafe_api.TestProfiles" name="test_get_single_profile" time="0.050" /><testcase classname="backend.tests.test_mysafe_api.TestProfiles" name="test_get_profile_not_found" time="0.050" /><testcase classname="backend.tests.test_mysafe_api.TestProfiles" name="test_create_profile_without_auth" time="0.050" /><testcase classname="backend.tests.test_mysafe_api.TestScans" name="test_list_scans_empty" time="0.049" /><testcase classname="backend.tests.test_mysafe_api.TestScans" name="test_list_scans_filter_by_profile" time="0.053" /><testcase classname="backend.tests.test_mysafe_api.TestScans" name="test_scan_with_unclear_image_returns_400" time="2.178" /><testcase classname="backend.tests.test_mysafe_api.TestScans" name="test_scan_invalid_profile_id" time="0.049" /><testcase classname="backend.tests.test_mysafe_api.TestScans" name="test_scan_without_auth" time="0.049" /><testcase classname="backend.tests.test_mysafe_api.TestCompare" name="test_compare_with_missing_scans_returns_404" time="0.123" /></testsuite></testsuites>