<?xml version="1.0" encoding="utf-8"?><testsuites name="pytest tests"><testsuite name="pytest" errors="0" failures="0" skipped="0" tests="21" time="4.708" timestamp="2026-05-30T10:25:15.354280+00:00" hostname="agent-env-8290a74b-310b-4e15-b694-e674805914b8"><testcase classname="backend.tests.test_mysafe_api.TestAuth" name="test_login_existing_user" time="0.481" /><testcase classname="backend.tests.test_mysafe_api.TestAuth" name="test_login_invalid_password" time="0.277" /><testcase classname="backend.tests.test_mysafe_api.TestAuth" name="test_register_new_user" time="0.275" /><testcase classname="backend.tests.test_mysafe_api.TestAuth" name="test_register_duplicate_email" time="0.046" /><testcase classname="backend.tests.test_mysafe_api.TestAuth" name="test_get_me_with_valid_token" time="0.049" /><testcase classname="backend.tests.test_mysafe_api.TestAuth" name="test_get_me_without_token" time="0.048" /><testcase classname="backend.tests.test_mysafe_api.TestAuth" name="test_get_me_with_invalid_token" time="0.045" /><testcase classname="backend.tests.test_mysafe_api.TestProfiles" name="test_list_profiles_empty" time="0.047" /><testcase classname="backend.tests.test_mysafe_api.TestProfiles" name="test_create_first_human_profile_free_tier" time="0.076" /><testcase classname="backend.tests.test_mysafe_api.TestProfiles" name="test_get_profiles_after_create" time="0.048" /><testcase classname="backend.tests.test_mysafe_api.TestProfiles" name="test_create_second_human_profile_free_tier_should_fail" time="0.047" /><testcase classname="backend.tests.test_mysafe_api.TestProfiles" name="test_create_pet_profile_free_tier_should_fail" time="0.047" /><testcase classname="backend.tests.test_mysafe_api.TestProfiles" name="test_get_single_profile" time="0.049" /><testcase classname="backend.tests.test_mysafe_api.TestProfiles" name="test_get_profile_not_found" time="0.049" /><testcase classname="backend.tests.test_mysafe_api.TestProfiles" name="test_create_profile_without_auth" time="0.051" /><testcase classname="backend.tests.test_mysafe_api.TestScans" name="test_list_scans_empty" time="0.049" /><testcase classname="backend.tests.test_mysafe_api.TestScans" name="test_list_scans_filter_by_profile" time="0.046" /><testcase classname="backend.tests.test_mysafe_api.TestScans" name="test_scan_with_unclear_image_returns_400" time="2.684" /><testcase classname="backend.tests.test_mysafe_api.TestScans" name="test_scan_invalid_profile_id" time="0.048" /><testcase classname="backend.tests.test_mysafe_api.TestScans" name="test_scan_without_auth" time="0.048" /><testcase classname="backend.tests.test_mysafe_api.TestCompare" name="test_compare_free_tier_fails" time="0.159" /></testsuite></testsuites>